before reload: aurora bubbles = 2
  pre[0]: Aurora

我在。你可以不用把话组织得很漂亮，先把现在最真实的那一句放到这里。
  pre[1]: Aurora

我会根据你说的内容，帮你慢慢整理成记忆、情绪线索或一个很小的下一步。
=== reload (kill/relaunch analogue) ===
recovery: not detected within 30s; dumping visible body text:
✦
Inner Cosmos
今天
Aurora
内宇宙
记忆与自我理解
共鸣
共鸣体与相遇
连接
慢信与关系
我的
控制与边界
INNER COSMOS · AURORA
可以被打断的陪伴，
才是真的在听。

你不需要等 Aurora 说完。新消息会成为新的理解输入，而不是错误。

在这里
倾诉
整理
追问
行动
关系
✦

把现在最真实的一句话放在这里。

🎤 语音
沉淀今天
发送
AURORA RETURNS
回来约定
什么时候合适
和 Aurora 约好

现在没有约定。需要时，你可以邀请 Aurora 在合适的时候回来。

AURORA, BECOMING
她最近学会了什么
v1

Aurora 的连续自我从这里开始；后续变化会说明来源、评测与回退路径。

Aurora 在这里。你可以随时打断，她会重新理解。
尚未迁移的工具
五空间 AppShell · 数据与能力持续保留
安全退出
